
*** Running vivado
    with args -log wrapper.vdi -applog -m64 -product Vivado -messageDb vivado.pb -mode batch -source wrapper.tcl -notrace


ECHO is off.
ECHO is off.

****** Vivado v2023.1 (64-bit)
  **** SW Build 3865809 on Sun May  7 15:05:29 MDT 2023
  **** IP Build 3864474 on Sun May  7 20:36:21 MDT 2023
  **** SharedData Build 3865790 on Sun May 07 13:33:03 MDT 2023
    ** Copyright 1986-2022 Xilinx, Inc. All Rights Reserved.
    ** Copyright 2022-2023 Advanced Micro Devices, Inc. All Rights Reserved.

source wrapper.tcl -notrace
create_project: Time (s): cpu = 00:00:12 ; elapsed = 00:00:13 . Memory (MB): peak = 446.461 ; gain = 162.562
Command: link_design -top wrapper -part xc7a35tcpg236-1
Design is defaulting to srcset: sources_1
Design is defaulting to constrset: constrs_1
INFO: [Device 21-403] Loading part xc7a35tcpg236-1
Netlist sorting complete. Time (s): cpu = 00:00:00 ; elapsed = 00:00:00.021 . Memory (MB): peak = 856.297 ; gain = 0.000
INFO: [Netlist 29-17] Analyzing 130 Unisim elements for replacement
INFO: [Netlist 29-28] Unisim Transformation completed in 0 CPU seconds
INFO: [Project 1-479] Netlist was created with Vivado 2023.1
INFO: [Project 1-570] Preparing netlist for logic optimization
Parsing XDC File [D:/Verilog/CompArch/RV32I_Pipelined/RV32I_Pipelined.srcs/constrs_1/new/toptop.xdc]
WARNING: [Vivado 12-584] No ports matched 'JXADC[5]'. [D:/Verilog/CompArch/RV32I_Pipelined/RV32I_Pipelined.srcs/constrs_1/new/toptop.xdc:110]
CRITICAL WARNING: [Common 17-55] 'set_property' expects at least one object. [D:/Verilog/CompArch/RV32I_Pipelined/RV32I_Pipelined.srcs/constrs_1/new/toptop.xdc:110]
Resolution: If [get_<value>] was used to populate the object, check to make sure this command returns at least one valid object.
WARNING: [Vivado 12-584] No ports matched 'JXADC[6]'. [D:/Verilog/CompArch/RV32I_Pipelined/RV32I_Pipelined.srcs/constrs_1/new/toptop.xdc:111]
CRITICAL WARNING: [Common 17-55] 'set_property' expects at least one object. [D:/Verilog/CompArch/RV32I_Pipelined/RV32I_Pipelined.srcs/constrs_1/new/toptop.xdc:111]
Resolution: If [get_<value>] was used to populate the object, check to make sure this command returns at least one valid object.
WARNING: [Vivado 12-584] No ports matched 'JXADC[7]'. [D:/Verilog/CompArch/RV32I_Pipelined/RV32I_Pipelined.srcs/constrs_1/new/toptop.xdc:112]
CRITICAL WARNING: [Common 17-55] 'set_property' expects at least one object. [D:/Verilog/CompArch/RV32I_Pipelined/RV32I_Pipelined.srcs/constrs_1/new/toptop.xdc:112]
Resolution: If [get_<value>] was used to populate the object, check to make sure this command returns at least one valid object.
Finished Parsing XDC File [D:/Verilog/CompArch/RV32I_Pipelined/RV32I_Pipelined.srcs/constrs_1/new/toptop.xdc]
INFO: [Opt 31-138] Pushed 0 inverter(s) to 0 load pin(s).
Netlist sorting complete. Time (s): cpu = 00:00:00 ; elapsed = 00:00:00.002 . Memory (MB): peak = 987.684 ; gain = 0.000
INFO: [Project 1-111] Unisim Transformation Summary:
  A total of 96 instances were transformed.
  RAM128X1S => RAM128X1S (MUXF7, RAMS64E(x2)): 16 instances
  RAM16X1S => RAM32X1S (RAMS32): 32 instances
  RAM256X1S => RAM256X1S (MUXF7(x2), MUXF8, RAMS64E(x4)): 16 instances
  RAM32X1S => RAM32X1S (RAMS32): 16 instances
  RAM64X1S => RAM64X1S (RAMS64E): 16 instances

7 Infos, 3 Warnings, 3 Critical Warnings and 0 Errors encountered.
link_design completed successfully
link_design: Time (s): cpu = 00:00:13 ; elapsed = 00:00:15 . Memory (MB): peak = 987.684 ; gain = 533.707
Command: opt_design
Attempting to get a license for feature 'Implementation' and/or device 'xc7a35t'
INFO: [Common 17-349] Got license for feature 'Implementation' and/or device 'xc7a35t'
Running DRC as a precondition to command opt_design

Starting DRC Task
INFO: [DRC 23-27] Running DRC with 2 threads
INFO: [Project 1-461] DRC finished with 0 Errors
INFO: [Project 1-462] Please refer to the DRC report (report_drc) for more information.

Time (s): cpu = 00:00:06 ; elapsed = 00:00:04 . Memory (MB): peak = 1011.648 ; gain = 23.965

Starting Cache Timing Information Task
INFO: [Timing 38-35] Done setting XDC timing constraints.
Ending Cache Timing Information Task | Checksum: 1afa3a597

Time (s): cpu = 00:00:26 ; elapsed = 00:00:27 . Memory (MB): peak = 1563.102 ; gain = 551.453

Starting Logic Optimization Task

Phase 1 Retarget
INFO: [Opt 31-138] Pushed 0 inverter(s) to 0 load pin(s).
INFO: [Opt 31-49] Retargeted 0 cell(s).
Phase 1 Retarget | Checksum: 17b7724f0

Time (s): cpu = 00:00:00 ; elapsed = 00:00:00.108 . Memory (MB): peak = 1901.969 ; gain = 0.000
INFO: [Opt 31-389] Phase Retarget created 0 cells and removed 8 cells

Phase 2 Constant propagation
INFO: [Opt 31-138] Pushed 0 inverter(s) to 0 load pin(s).
Phase 2 Constant propagation | Checksum: 12a2d6866

Time (s): cpu = 00:00:00 ; elapsed = 00:00:00.115 . Memory (MB): peak = 1901.969 ; gain = 0.000
INFO: [Opt 31-389] Phase Constant propagation created 0 cells and removed 0 cells

Phase 3 Sweep
Phase 3 Sweep | Checksum: c2bb21f5

Time (s): cpu = 00:00:00 ; elapsed = 00:00:00.250 . Memory (MB): peak = 1901.969 ; gain = 0.000
INFO: [Opt 31-389] Phase Sweep created 16 cells and removed 0 cells

Phase 4 BUFG optimization
Phase 4 BUFG optimization | Checksum: c2bb21f5

Time (s): cpu = 00:00:00 ; elapsed = 00:00:00.348 . Memory (MB): peak = 1901.969 ; gain = 0.000
INFO: [Opt 31-662] Phase BUFG optimization created 0 cells of which 0 are BUFGs and removed 0 cells.

Phase 5 Shift Register Optimization
INFO: [Opt 31-1064] SRL Remap converted 0 SRLs to 0 registers and converted 0 registers of register chains to 0 SRLs
Phase 5 Shift Register Optimization | Checksum: 168ca2fbd

Time (s): cpu = 00:00:00 ; elapsed = 00:00:00.401 . Memory (MB): peak = 1901.969 ; gain = 0.000
INFO: [Opt 31-389] Phase Shift Register Optimization created 0 cells and removed 0 cells

Phase 6 Post Processing Netlist
Phase 6 Post Processing Netlist | Checksum: 19054947b

Time (s): cpu = 00:00:00 ; elapsed = 00:00:00.406 . Memory (MB): peak = 1901.969 ; gain = 0.000
INFO: [Opt 31-389] Phase Post Processing Netlist created 0 cells and removed 0 cells
Opt_design Change Summary
=========================


-------------------------------------------------------------------------------------------------------------------------
|  Phase                        |  #Cells created  |  #Cells Removed  |  #Constrained objects preventing optimizations  |
-------------------------------------------------------------------------------------------------------------------------
|  Retarget                     |               0  |               8  |                                              0  |
|  Constant propagation         |               0  |               0  |                                              0  |
|  Sweep                        |              16  |               0  |                                              0  |
|  BUFG optimization            |               0  |               0  |                                              0  |
|  Shift Register Optimization  |               0  |               0  |                                              0  |
|  Post Processing Netlist      |               0  |               0  |                                              0  |
-------------------------------------------------------------------------------------------------------------------------



Starting Connectivity Check Task

Time (s): cpu = 00:00:00 ; elapsed = 00:00:00.002 . Memory (MB): peak = 1901.969 ; gain = 0.000
Ending Logic Optimization Task | Checksum: 19054947b

Time (s): cpu = 00:00:00 ; elapsed = 00:00:00.412 . Memory (MB): peak = 1901.969 ; gain = 0.000

Starting Power Optimization Task
INFO: [Pwropt 34-132] Skipping clock gating for clocks with a period < 2.00 ns.
Ending Power Optimization Task | Checksum: 19054947b

Time (s): cpu = 00:00:00 ; elapsed = 00:00:00.016 . Memory (MB): peak = 1901.969 ; gain = 0.000

Starting Final Cleanup Task
Ending Final Cleanup Task | Checksum: 19054947b

Time (s): cpu = 00:00:00 ; elapsed = 00:00:00 . Memory (MB): peak = 1901.969 ; gain = 0.000

Starting Netlist Obfuscation Task
Netlist sorting complete. Time (s): cpu = 00:00:00 ; elapsed = 00:00:00 . Memory (MB): peak = 1901.969 ; gain = 0.000
Ending Netlist Obfuscation Task | Checksum: 19054947b

Time (s): cpu = 00:00:00 ; elapsed = 00:00:00.002 . Memory (MB): peak = 1901.969 ; gain = 0.000
INFO: [Common 17-83] Releasing license: Implementation
24 Infos, 3 Warnings, 3 Critical Warnings and 0 Errors encountered.
opt_design completed successfully
opt_design: Time (s): cpu = 00:00:38 ; elapsed = 00:00:37 . Memory (MB): peak = 1901.969 ; gain = 914.285
INFO: [runtcl-4] Executing : report_drc -file wrapper_drc_opted.rpt -pb wrapper_drc_opted.pb -rpx wrapper_drc_opted.rpx
Command: report_drc -file wrapper_drc_opted.rpt -pb wrapper_drc_opted.pb -rpx wrapper_drc_opted.rpx
INFO: [IP_Flow 19-234] Refreshing IP repositories
INFO: [IP_Flow 19-1704] No user IP repositories specified
INFO: [IP_Flow 19-2313] Loaded Vivado IP repository 'C:/Xilinx/Vivado/2023.1/data/ip'.
INFO: [DRC 23-27] Running DRC with 2 threads
INFO: [Vivado_Tcl 2-168] The results of DRC are in file D:/Verilog/CompArch/RV32I_Pipelined/RV32I_Pipelined.runs/impl_1/wrapper_drc_opted.rpt.
report_drc completed successfully
INFO: [Timing 38-480] Writing timing data to binary archive.
Writing XDEF routing.
Writing XDEF routing logical nets.
Writing XDEF routing special nets.
Write XDEF Complete: Time (s): cpu = 00:00:00 ; elapsed = 00:00:00.092 . Memory (MB): peak = 1901.969 ; gain = 0.000
INFO: [Common 17-1381] The checkpoint 'D:/Verilog/CompArch/RV32I_Pipelined/RV32I_Pipelined.runs/impl_1/wrapper_opt.dcp' has been generated.
Command: place_design
Attempting to get a license for feature 'Implementation' and/or device 'xc7a35t'
INFO: [Common 17-349] Got license for feature 'Implementation' and/or device 'xc7a35t'
INFO: [DRC 23-27] Running DRC with 2 threads
INFO: [Vivado_Tcl 4-198] DRC finished with 0 Errors
INFO: [Vivado_Tcl 4-199] Please refer to the DRC report (report_drc) for more information.
Running DRC as a precondition to command place_design
INFO: [DRC 23-27] Running DRC with 2 threads
INFO: [Vivado_Tcl 4-198] DRC finished with 0 Errors
INFO: [Vivado_Tcl 4-199] Please refer to the DRC report (report_drc) for more information.

Starting Placer Task
INFO: [Place 30-611] Multithreading enabled for place_design using a maximum of 2 CPUs

Phase 1 Placer Initialization

Phase 1.1 Placer Initialization Netlist Sorting
Netlist sorting complete. Time (s): cpu = 00:00:00 ; elapsed = 00:00:00.001 . Memory (MB): peak = 1901.969 ; gain = 0.000
Phase 1.1 Placer Initialization Netlist Sorting | Checksum: 9336e7c1

Time (s): cpu = 00:00:00 ; elapsed = 00:00:00.011 . Memory (MB): peak = 1901.969 ; gain = 0.000
Netlist sorting complete. Time (s): cpu = 00:00:00 ; elapsed = 00:00:00.001 . Memory (MB): peak = 1901.969 ; gain = 0.000

Phase 1.2 IO Placement/ Clock Placement/ Build Placer Device
INFO: [Timing 38-35] Done setting XDC timing constraints.
Phase 1.2 IO Placement/ Clock Placement/ Build Placer Device | Checksum: 1088ba2f6

Time (s): cpu = 00:00:02 ; elapsed = 00:00:00.935 . Memory (MB): peak = 1901.969 ; gain = 0.000

Phase 1.3 Build Placer Netlist Model
Phase 1.3 Build Placer Netlist Model | Checksum: 15c6e2f7b

Time (s): cpu = 00:00:02 ; elapsed = 00:00:02 . Memory (MB): peak = 1901.969 ; gain = 0.000

Phase 1.4 Constrain Clocks/Macros
Phase 1.4 Constrain Clocks/Macros | Checksum: 15c6e2f7b

Time (s): cpu = 00:00:02 ; elapsed = 00:00:02 . Memory (MB): peak = 1901.969 ; gain = 0.000
Phase 1 Placer Initialization | Checksum: 15c6e2f7b

Time (s): cpu = 00:00:03 ; elapsed = 00:00:02 . Memory (MB): peak = 1901.969 ; gain = 0.000

Phase 2 Global Placement

Phase 2.1 Floorplanning
Phase 2.1 Floorplanning | Checksum: 1c7284808

Time (s): cpu = 00:00:03 ; elapsed = 00:00:02 . Memory (MB): peak = 1901.969 ; gain = 0.000

Phase 2.2 Update Timing before SLR Path Opt
Phase 2.2 Update Timing before SLR Path Opt | Checksum: 13f06c65e

Time (s): cpu = 00:00:03 ; elapsed = 00:00:02 . Memory (MB): peak = 1901.969 ; gain = 0.000

Phase 2.3 Post-Processing in Floorplanning
Phase 2.3 Post-Processing in Floorplanning | Checksum: 13f06c65e

Time (s): cpu = 00:00:03 ; elapsed = 00:00:02 . Memory (MB): peak = 1901.969 ; gain = 0.000

Phase 2.4 Global Placement Core

Phase 2.4.1 UpdateTiming Before Physical Synthesis
Phase 2.4.1 UpdateTiming Before Physical Synthesis | Checksum: 1eeef541d

Time (s): cpu = 00:00:10 ; elapsed = 00:00:06 . Memory (MB): peak = 1901.969 ; gain = 0.000

Phase 2.4.2 Physical Synthesis In Placer
INFO: [Physopt 32-1035] Found 0 LUTNM shape to break, 23 LUT instances to create LUTNM shape
INFO: [Physopt 32-1044] Break lutnm for timing: one critical 0, two critical 0, total 0, new lutff created 0
INFO: [Physopt 32-1138] End 1 Pass. Optimized 11 nets or LUTs. Breaked 0 LUT, combined 11 existing LUTs and moved 0 existing LUT
INFO: [Physopt 32-65] No nets found for high-fanout optimization.
INFO: [Physopt 32-232] Optimized 0 net. Created 0 new instance.
INFO: [Physopt 32-775] End 1 Pass. Optimized 0 net or cell. Created 0 new cell, deleted 0 existing cell and moved 0 existing cell
INFO: [Physopt 32-670] No setup violation found.  DSP Register Optimization was not performed.
INFO: [Physopt 32-670] No setup violation found.  Shift Register to Pipeline Optimization was not performed.
INFO: [Physopt 32-670] No setup violation found.  Shift Register Optimization was not performed.
INFO: [Physopt 32-670] No setup violation found.  BRAM Register Optimization was not performed.
INFO: [Physopt 32-670] No setup violation found.  URAM Register Optimization was not performed.
INFO: [Physopt 32-949] No candidate nets found for dynamic/static region interface net replication
INFO: [Physopt 32-775] End 1 Pass. Optimized 0 net or cell. Created 0 new cell, deleted 0 existing cell and moved 0 existing cell
Netlist sorting complete. Time (s): cpu = 00:00:00 ; elapsed = 00:00:00.002 . Memory (MB): peak = 1901.969 ; gain = 0.000

Summary of Physical Synthesis Optimizations
============================================


-----------------------------------------------------------------------------------------------------------------------------------------------------------
|  Optimization                                     |  Added Cells  |  Removed Cells  |  Optimized Cells/Nets  |  Dont Touch  |  Iterations  |  Elapsed   |
-----------------------------------------------------------------------------------------------------------------------------------------------------------
|  LUT Combining                                    |            0  |             11  |                    11  |           0  |           1  |  00:00:00  |
|  Retime                                           |            0  |              0  |                     0  |           0  |           1  |  00:00:00  |
|  Very High Fanout                                 |            0  |              0  |                     0  |           0  |           1  |  00:00:00  |
|  DSP Register                                     |            0  |              0  |                     0  |           0  |           0  |  00:00:00  |
|  Shift Register to Pipeline                       |            0  |              0  |                     0  |           0  |           0  |  00:00:00  |
|  Shift Register                                   |            0  |              0  |                     0  |           0  |           0  |  00:00:00  |
|  BRAM Register                                    |            0  |              0  |                     0  |           0  |           0  |  00:00:00  |
|  URAM Register                                    |            0  |              0  |                     0  |           0  |           0  |  00:00:00  |
|  Dynamic/Static Region Interface Net Replication  |            0  |              0  |                     0  |           0  |           1  |  00:00:00  |
|  Total                                            |            0  |             11  |                    11  |           0  |           4  |  00:00:00  |
-----------------------------------------------------------------------------------------------------------------------------------------------------------


Phase 2.4.2 Physical Synthesis In Placer | Checksum: f688c4fa

Time (s): cpu = 00:00:10 ; elapsed = 00:00:06 . Memory (MB): peak = 1901.969 ; gain = 0.000
Phase 2.4 Global Placement Core | Checksum: 166100222

Time (s): cpu = 00:00:11 ; elapsed = 00:00:07 . Memory (MB): peak = 1901.969 ; gain = 0.000
Phase 2 Global Placement | Checksum: 166100222

Time (s): cpu = 00:00:11 ; elapsed = 00:00:07 . Memory (MB): peak = 1901.969 ; gain = 0.000

Phase 3 Detail Placement

Phase 3.1 Commit Multi Column Macros
Phase 3.1 Commit Multi Column Macros | Checksum: 115c0f6d3

Time (s): cpu = 00:00:11 ; elapsed = 00:00:07 . Memory (MB): peak = 1901.969 ; gain = 0.000

Phase 3.2 Commit Most Macros & LUTRAMs
Phase 3.2 Commit Most Macros & LUTRAMs | Checksum: 19316f481

Time (s): cpu = 00:00:11 ; elapsed = 00:00:07 . Memory (MB): peak = 1901.969 ; gain = 0.000

Phase 3.3 Area Swap Optimization
Phase 3.3 Area Swap Optimization | Checksum: 135121d43

Time (s): cpu = 00:00:11 ; elapsed = 00:00:07 . Memory (MB): peak = 1901.969 ; gain = 0.000

Phase 3.4 Pipeline Register Optimization
Phase 3.4 Pipeline Register Optimization | Checksum: 1238763c6

Time (s): cpu = 00:00:11 ; elapsed = 00:00:07 . Memory (MB): peak = 1901.969 ; gain = 0.000

Phase 3.5 Small Shape Detail Placement
Phase 3.5 Small Shape Detail Placement | Checksum: 18209df12

Time (s): cpu = 00:00:12 ; elapsed = 00:00:08 . Memory (MB): peak = 1901.969 ; gain = 0.000

Phase 3.6 Re-assign LUT pins
Phase 3.6 Re-assign LUT pins | Checksum: 1f3174890

Time (s): cpu = 00:00:12 ; elapsed = 00:00:08 . Memory (MB): peak = 1901.969 ; gain = 0.000

Phase 3.7 Pipeline Register Optimization
Phase 3.7 Pipeline Register Optimization | Checksum: 215a47b0d

Time (s): cpu = 00:00:12 ; elapsed = 00:00:08 . Memory (MB): peak = 1901.969 ; gain = 0.000
Phase 3 Detail Placement | Checksum: 215a47b0d

Time (s): cpu = 00:00:12 ; elapsed = 00:00:08 . Memory (MB): peak = 1901.969 ; gain = 0.000

Phase 4 Post Placement Optimization and Clean-Up

Phase 4.1 Post Commit Optimization
INFO: [Timing 38-35] Done setting XDC timing constraints.

Phase 4.1.1 Post Placement Optimization
Post Placement Optimization Initialization | Checksum: 1ee7e31f6

Phase 4.1.1.1 BUFG Insertion

Starting Physical Synthesis Task

Phase 1 Physical Synthesis Initialization
INFO: [Physopt 32-721] Multithreading enabled for phys_opt_design using a maximum of 2 CPUs
INFO: [Physopt 32-619] Estimated Timing Summary | WNS=6.572 | TNS=0.000 |
Phase 1 Physical Synthesis Initialization | Checksum: 236c9da97

Time (s): cpu = 00:00:00 ; elapsed = 00:00:00.055 . Memory (MB): peak = 1901.969 ; gain = 0.000
INFO: [Place 46-56] BUFG insertion identified 0 candidate nets. Inserted BUFG: 0, Replicated BUFG Driver: 0, Skipped due to Placement/Routing Conflicts: 0, Skipped due to Timing Degradation: 0, Skipped due to netlist editing failed: 0.
Ending Physical Synthesis Task | Checksum: 236c9da97

Time (s): cpu = 00:00:00 ; elapsed = 00:00:00.072 . Memory (MB): peak = 1901.969 ; gain = 0.000
Phase 4.1.1.1 BUFG Insertion | Checksum: 1ee7e31f6

Time (s): cpu = 00:00:13 ; elapsed = 00:00:08 . Memory (MB): peak = 1901.969 ; gain = 0.000

Phase 4.1.1.2 Post Placement Timing Optimization
INFO: [Place 30-746] Post Placement Timing Summary WNS=6.572. For the most accurate timing information please run report_timing.
Phase 4.1.1.2 Post Placement Timing Optimization | Checksum: 1f7e8a85d

Time (s): cpu = 00:00:13 ; elapsed = 00:00:08 . Memory (MB): peak = 1901.969 ; gain = 0.000

Time (s): cpu = 00:00:13 ; elapsed = 00:00:08 . Memory (MB): peak = 1901.969 ; gain = 0.000
Phase 4.1 Post Commit Optimization | Checksum: 1f7e8a85d

Time (s): cpu = 00:00:13 ; elapsed = 00:00:08 . Memory (MB): peak = 1901.969 ; gain = 0.000

Phase 4.2 Post Placement Cleanup
Phase 4.2 Post Placement Cleanup | Checksum: 1f7e8a85d

Time (s): cpu = 00:00:13 ; elapsed = 00:00:09 . Memory (MB): peak = 1901.969 ; gain = 0.000

Phase 4.3 Placer Reporting

Phase 4.3.1 Print Estimated Congestion
INFO: [Place 30-612] Post-Placement Estimated Congestion 
 ____________________________________________________
|           | Global Congestion | Short Congestion  |
| Direction | Region Size       | Region Size       |
|___________|___________________|___________________|
|      North|                1x1|                1x1|
|___________|___________________|___________________|
|      South|                1x1|                1x1|
|___________|___________________|___________________|
|       East|                1x1|                1x1|
|___________|___________________|___________________|
|       West|                1x1|                1x1|
|___________|___________________|___________________|

Phase 4.3.1 Print Estimated Congestion | Checksum: 1f7e8a85d

Time (s): cpu = 00:00:13 ; elapsed = 00:00:09 . Memory (MB): peak = 1901.969 ; gain = 0.000
Phase 4.3 Placer Reporting | Checksum: 1f7e8a85d

Time (s): cpu = 00:00:13 ; elapsed = 00:00:09 . Memory (MB): peak = 1901.969 ; gain = 0.000

Phase 4.4 Final Placement Cleanup
Netlist sorting complete. Time (s): cpu = 00:00:00 ; elapsed = 00:00:00.001 . Memory (MB): peak = 1901.969 ; gain = 0.000

Time (s): cpu = 00:00:13 ; elapsed = 00:00:09 . Memory (MB): peak = 1901.969 ; gain = 0.000
Phase 4 Post Placement Optimization and Clean-Up | Checksum: 209224b6f

Time (s): cpu = 00:00:13 ; elapsed = 00:00:09 . Memory (MB): peak = 1901.969 ; gain = 0.000
Ending Placer Task | Checksum: 14ae5d0ef

Time (s): cpu = 00:00:13 ; elapsed = 00:00:09 . Memory (MB): peak = 1901.969 ; gain = 0.000
INFO: [Common 17-83] Releasing license: Implementation
61 Infos, 3 Warnings, 3 Critical Warnings and 0 Errors encountered.
place_design completed successfully
place_design: Time (s): cpu = 00:00:15 ; elapsed = 00:00:10 . Memory (MB): peak = 1901.969 ; gain = 0.000
INFO: [runtcl-4] Executing : report_io -file wrapper_io_placed.rpt
report_io: Time (s): cpu = 00:00:00 ; elapsed = 00:00:00.102 . Memory (MB): peak = 1901.969 ; gain = 0.000
INFO: [runtcl-4] Executing : report_utilization -file wrapper_utilization_placed.rpt -pb wrapper_utilization_placed.pb
INFO: [runtcl-4] Executing : report_control_sets -verbose -file wrapper_control_sets_placed.rpt
report_control_sets: Time (s): cpu = 00:00:00 ; elapsed = 00:00:00.007 . Memory (MB): peak = 1901.969 ; gain = 0.000
INFO: [Timing 38-480] Writing timing data to binary archive.
Writing XDEF routing.
Writing XDEF routing logical nets.
Writing XDEF routing special nets.
Write XDEF Complete: Time (s): cpu = 00:00:01 ; elapsed = 00:00:00.177 . Memory (MB): peak = 1901.969 ; gain = 0.000
INFO: [Common 17-1381] The checkpoint 'D:/Verilog/CompArch/RV32I_Pipelined/RV32I_Pipelined.runs/impl_1/wrapper_placed.dcp' has been generated.
Command: phys_opt_design
Attempting to get a license for feature 'Implementation' and/or device 'xc7a35t'
INFO: [Common 17-349] Got license for feature 'Implementation' and/or device 'xc7a35t'

Starting Initial Update Timing Task

Time (s): cpu = 00:00:01 ; elapsed = 00:00:00.270 . Memory (MB): peak = 1902.816 ; gain = 0.848
INFO: [Vivado_Tcl 4-383] Design worst setup slack (WNS) is greater than or equal to 0.000 ns. Skipping all physical synthesis optimizations.
INFO: [Vivado_Tcl 4-232] No setup violation found. The netlist was not modified.
INFO: [Common 17-83] Releasing license: Implementation
70 Infos, 3 Warnings, 3 Critical Warnings and 0 Errors encountered.
phys_opt_design completed successfully
INFO: [Timing 38-480] Writing timing data to binary archive.
Writing XDEF routing.
Writing XDEF routing logical nets.
Writing XDEF routing special nets.
Write XDEF Complete: Time (s): cpu = 00:00:00 ; elapsed = 00:00:00.229 . Memory (MB): peak = 1920.676 ; gain = 14.871
INFO: [Common 17-1381] The checkpoint 'D:/Verilog/CompArch/RV32I_Pipelined/RV32I_Pipelined.runs/impl_1/wrapper_physopt.dcp' has been generated.
Command: route_design
Attempting to get a license for feature 'Implementation' and/or device 'xc7a35t'
INFO: [Common 17-349] Got license for feature 'Implementation' and/or device 'xc7a35t'
Running DRC as a precondition to command route_design
INFO: [DRC 23-27] Running DRC with 2 threads
INFO: [Vivado_Tcl 4-198] DRC finished with 0 Errors
INFO: [Vivado_Tcl 4-199] Please refer to the DRC report (report_drc) for more information.


Starting Routing Task
INFO: [Route 35-254] Multithreading enabled for route_design using a maximum of 2 CPUs

Phase 1 Build RT Design
Checksum: PlaceDB: 998287b4 ConstDB: 0 ShapeSum: b163493b RouteDB: 0
Post Restoration Checksum: NetGraph: b874b662 | NumContArr: c3222d0b | Constraints: 190a55ad | Timing: 0
Phase 1 Build RT Design | Checksum: 194a1391a

Time (s): cpu = 00:00:42 ; elapsed = 00:00:38 . Memory (MB): peak = 2006.113 ; gain = 73.309

Phase 2 Router Initialization

Phase 2.1 Fix Topology Constraints
Phase 2.1 Fix Topology Constraints | Checksum: 194a1391a

Time (s): cpu = 00:00:42 ; elapsed = 00:00:38 . Memory (MB): peak = 2006.113 ; gain = 73.309

Phase 2.2 Pre Route Cleanup
Phase 2.2 Pre Route Cleanup | Checksum: 194a1391a

Time (s): cpu = 00:00:42 ; elapsed = 00:00:38 . Memory (MB): peak = 2006.113 ; gain = 73.309
 Number of Nodes with overlaps = 0

Phase 2.3 Update Timing
Phase 2.3 Update Timing | Checksum: 15abd6183

Time (s): cpu = 00:00:43 ; elapsed = 00:00:39 . Memory (MB): peak = 2014.184 ; gain = 81.379
INFO: [Route 35-416] Intermediate Timing Summary | WNS=6.488  | TNS=0.000  | WHS=-0.051 | THS=-0.051 |


Router Utilization Summary
  Global Vertical Routing Utilization    = 0 %
  Global Horizontal Routing Utilization  = 0 %
  Routable Net Status*
  *Does not include unroutable nets such as driverless and loadless.
  Run report_route_status for detailed report.
  Number of Failed Nets               = 713
    (Failed Nets is the sum of unrouted and partially routed nets)
  Number of Unrouted Nets             = 713
  Number of Partially Routed Nets     = 0
  Number of Node Overlaps             = 0

Phase 2 Router Initialization | Checksum: 1ef305d4c

Time (s): cpu = 00:00:43 ; elapsed = 00:00:40 . Memory (MB): peak = 2014.184 ; gain = 81.379

Phase 3 Initial Routing

Phase 3.1 Global Routing
Phase 3.1 Global Routing | Checksum: 1ef305d4c

Time (s): cpu = 00:00:43 ; elapsed = 00:00:40 . Memory (MB): peak = 2014.184 ; gain = 81.379
Phase 3 Initial Routing | Checksum: 258838b2d

Time (s): cpu = 00:00:44 ; elapsed = 00:00:40 . Memory (MB): peak = 2014.184 ; gain = 81.379

Phase 4 Rip-up And Reroute

Phase 4.1 Global Iteration 0
 Number of Nodes with overlaps = 45
 Number of Nodes with overlaps = 0
INFO: [Route 35-416] Intermediate Timing Summary | WNS=5.797  | TNS=0.000  | WHS=N/A    | THS=N/A    |

Phase 4.1 Global Iteration 0 | Checksum: b92f9163

Time (s): cpu = 00:00:44 ; elapsed = 00:00:40 . Memory (MB): peak = 2014.184 ; gain = 81.379
Phase 4 Rip-up And Reroute | Checksum: b92f9163

Time (s): cpu = 00:00:44 ; elapsed = 00:00:40 . Memory (MB): peak = 2014.184 ; gain = 81.379

Phase 5 Delay and Skew Optimization

Phase 5.1 Delay CleanUp
Phase 5.1 Delay CleanUp | Checksum: b92f9163

Time (s): cpu = 00:00:44 ; elapsed = 00:00:40 . Memory (MB): peak = 2014.184 ; gain = 81.379

Phase 5.2 Clock Skew Optimization
Phase 5.2 Clock Skew Optimization | Checksum: b92f9163

Time (s): cpu = 00:00:44 ; elapsed = 00:00:40 . Memory (MB): peak = 2014.184 ; gain = 81.379
Phase 5 Delay and Skew Optimization | Checksum: b92f9163

Time (s): cpu = 00:00:44 ; elapsed = 00:00:40 . Memory (MB): peak = 2014.184 ; gain = 81.379

Phase 6 Post Hold Fix

Phase 6.1 Hold Fix Iter

Phase 6.1.1 Update Timing
Phase 6.1.1 Update Timing | Checksum: 717bf731

Time (s): cpu = 00:00:44 ; elapsed = 00:00:40 . Memory (MB): peak = 2014.184 ; gain = 81.379
INFO: [Route 35-416] Intermediate Timing Summary | WNS=5.891  | TNS=0.000  | WHS=0.248  | THS=0.000  |

Phase 6.1 Hold Fix Iter | Checksum: 717bf731

Time (s): cpu = 00:00:44 ; elapsed = 00:00:40 . Memory (MB): peak = 2014.184 ; gain = 81.379
Phase 6 Post Hold Fix | Checksum: 717bf731

Time (s): cpu = 00:00:44 ; elapsed = 00:00:40 . Memory (MB): peak = 2014.184 ; gain = 81.379

Phase 7 Route finalize

Router Utilization Summary
  Global Vertical Routing Utilization    = 0.314917 %
  Global Horizontal Routing Utilization  = 0.309865 %
  Routable Net Status*
  *Does not include unroutable nets such as driverless and loadless.
  Run report_route_status for detailed report.
  Number of Failed Nets               = 0
    (Failed Nets is the sum of unrouted and partially routed nets)
  Number of Unrouted Nets             = 0
  Number of Partially Routed Nets     = 0
  Number of Node Overlaps             = 0

Phase 7 Route finalize | Checksum: 5ee5a319

Time (s): cpu = 00:00:44 ; elapsed = 00:00:40 . Memory (MB): peak = 2014.184 ; gain = 81.379

Phase 8 Verifying routed nets

 Verification completed successfully
Phase 8 Verifying routed nets | Checksum: 5ee5a319

Time (s): cpu = 00:00:45 ; elapsed = 00:00:40 . Memory (MB): peak = 2014.414 ; gain = 81.609

Phase 9 Depositing Routes
Phase 9 Depositing Routes | Checksum: 1278c4f6d

Time (s): cpu = 00:00:45 ; elapsed = 00:00:40 . Memory (MB): peak = 2014.414 ; gain = 81.609

Phase 10 Post Router Timing
INFO: [Route 35-57] Estimated Timing Summary | WNS=5.891  | TNS=0.000  | WHS=0.248  | THS=0.000  |

INFO: [Route 35-327] The final timing numbers are based on the router estimated timing analysis. For a complete and accurate timing signoff, please run report_timing_summary.
Phase 10 Post Router Timing | Checksum: 1278c4f6d

Time (s): cpu = 00:00:45 ; elapsed = 00:00:41 . Memory (MB): peak = 2014.414 ; gain = 81.609
INFO: [Route 35-16] Router Completed Successfully

Phase 11 Post-Route Event Processing
Phase 11 Post-Route Event Processing | Checksum: 1292ffb32

Time (s): cpu = 00:00:45 ; elapsed = 00:00:41 . Memory (MB): peak = 2014.414 ; gain = 81.609

Time (s): cpu = 00:00:45 ; elapsed = 00:00:41 . Memory (MB): peak = 2014.414 ; gain = 81.609

Routing Is Done.
INFO: [Common 17-83] Releasing license: Implementation
84 Infos, 3 Warnings, 3 Critical Warnings and 0 Errors encountered.
route_design completed successfully
route_design: Time (s): cpu = 00:00:48 ; elapsed = 00:00:42 . Memory (MB): peak = 2014.414 ; gain = 93.738
INFO: [runtcl-4] Executing : report_drc -file wrapper_drc_routed.rpt -pb wrapper_drc_routed.pb -rpx wrapper_drc_routed.rpx
Command: report_drc -file wrapper_drc_routed.rpt -pb wrapper_drc_routed.pb -rpx wrapper_drc_routed.rpx
INFO: [IP_Flow 19-1839] IP Catalog is up to date.
INFO: [DRC 23-27] Running DRC with 2 threads
INFO: [Vivado_Tcl 2-168] The results of DRC are in file D:/Verilog/CompArch/RV32I_Pipelined/RV32I_Pipelined.runs/impl_1/wrapper_drc_routed.rpt.
report_drc completed successfully
INFO: [runtcl-4] Executing : report_methodology -file wrapper_methodology_drc_routed.rpt -pb wrapper_methodology_drc_routed.pb -rpx wrapper_methodology_drc_routed.rpx
Command: report_methodology -file wrapper_methodology_drc_routed.rpt -pb wrapper_methodology_drc_routed.pb -rpx wrapper_methodology_drc_routed.rpx
INFO: [Timing 38-35] Done setting XDC timing constraints.
INFO: [DRC 23-133] Running Methodology with 2 threads
INFO: [Vivado_Tcl 2-1520] The results of Report Methodology are in file D:/Verilog/CompArch/RV32I_Pipelined/RV32I_Pipelined.runs/impl_1/wrapper_methodology_drc_routed.rpt.
report_methodology completed successfully
INFO: [runtcl-4] Executing : report_power -file wrapper_power_routed.rpt -pb wrapper_power_summary_routed.pb -rpx wrapper_power_routed.rpx
Command: report_power -file wrapper_power_routed.rpt -pb wrapper_power_summary_routed.pb -rpx wrapper_power_routed.rpx
INFO: [Timing 38-35] Done setting XDC timing constraints.
Running Vector-less Activity Propagation...

Finished Running Vector-less Activity Propagation
94 Infos, 3 Warnings, 3 Critical Warnings and 0 Errors encountered.
report_power completed successfully
INFO: [runtcl-4] Executing : report_route_status -file wrapper_route_status.rpt -pb wrapper_route_status.pb
INFO: [runtcl-4] Executing : report_timing_summary -max_paths 10 -report_unconstrained -file wrapper_timing_summary_routed.rpt -pb wrapper_timing_summary_routed.pb -rpx wrapper_timing_summary_routed.rpx -warn_on_violation 
INFO: [Timing 38-91] UpdateTimingParams: Speed grade: -1, Delay Type: min_max.
INFO: [Timing 38-191] Multithreading enabled for timing update using a maximum of 2 CPUs
INFO: [runtcl-4] Executing : report_incremental_reuse -file wrapper_incremental_reuse_routed.rpt
INFO: [Vivado_Tcl 4-1062] Incremental flow is disabled. No incremental reuse Info to report.
INFO: [runtcl-4] Executing : report_clock_utilization -file wrapper_clock_utilization_routed.rpt
INFO: [runtcl-4] Executing : report_bus_skew -warn_on_violation -file wrapper_bus_skew_routed.rpt -pb wrapper_bus_skew_routed.pb -rpx wrapper_bus_skew_routed.rpx
INFO: [Timing 38-91] UpdateTimingParams: Speed grade: -1, Delay Type: min_max.
INFO: [Timing 38-191] Multithreading enabled for timing update using a maximum of 2 CPUs
INFO: [Timing 38-480] Writing timing data to binary archive.
Writing XDEF routing.
Writing XDEF routing logical nets.
Writing XDEF routing special nets.
Write XDEF Complete: Time (s): cpu = 00:00:01 ; elapsed = 00:00:00.218 . Memory (MB): peak = 2056.316 ; gain = 0.000
INFO: [Common 17-1381] The checkpoint 'D:/Verilog/CompArch/RV32I_Pipelined/RV32I_Pipelined.runs/impl_1/wrapper_routed.dcp' has been generated.
Command: write_bitstream -force wrapper.bit
Attempting to get a license for feature 'Implementation' and/or device 'xc7a35t'
INFO: [Common 17-349] Got license for feature 'Implementation' and/or device 'xc7a35t'
Running DRC as a precondition to command write_bitstream
INFO: [IP_Flow 19-1839] IP Catalog is up to date.
INFO: [DRC 23-27] Running DRC with 2 threads
INFO: [Vivado 12-3199] DRC finished with 0 Errors
INFO: [Vivado 12-3200] Please refer to the DRC report (report_drc) for more information.
INFO: [Designutils 20-2272] Running write_bitstream with 2 threads.
Loading data files...
Loading site data...
Loading route data...
Processing options...
Creating bitmap...
Creating bitstream...
Bitstream compression saved 13971360 bits.
Writing bitstream ./wrapper.bit...
INFO: [Vivado 12-1842] Bitgen Completed Successfully.
INFO: [Project 1-1876] WebTalk data collection is mandatory when using a ULT device. To see the specific WebTalk data collected for your design, open the usage_statistics_webtalk.html or usage_statistics_webtalk.xml file in the implementation directory.
INFO: [Common 17-83] Releasing license: Implementation
14 Infos, 0 Warnings, 0 Critical Warnings and 0 Errors encountered.
write_bitstream completed successfully
write_bitstream: Time (s): cpu = 00:00:20 ; elapsed = 00:00:16 . Memory (MB): peak = 2551.441 ; gain = 495.125
INFO: [Common 17-206] Exiting Vivado at Sat Jun  1 13:25:54 2024...

*** Running vivado
    with args -log wrapper.vdi -applog -m64 -product Vivado -messageDb vivado.pb -mode batch -source wrapper.tcl -notrace


ECHO is off.
ECHO is off.

****** Vivado v2023.1 (64-bit)
  **** SW Build 3865809 on Sun May  7 15:05:29 MDT 2023
  **** IP Build 3864474 on Sun May  7 20:36:21 MDT 2023
  **** SharedData Build 3865790 on Sun May 07 13:33:03 MDT 2023
    ** Copyright 1986-2022 Xilinx, Inc. All Rights Reserved.
    ** Copyright 2022-2023 Advanced Micro Devices, Inc. All Rights Reserved.

source wrapper.tcl -notrace
Command: open_checkpoint wrapper_routed.dcp
INFO: [Device 21-403] Loading part xc7a35tcpg236-1
Netlist sorting complete. Time (s): cpu = 00:00:00 ; elapsed = 00:00:00.015 . Memory (MB): peak = 854.176 ; gain = 0.000
INFO: [Netlist 29-17] Analyzing 130 Unisim elements for replacement
INFO: [Netlist 29-28] Unisim Transformation completed in 1 CPU seconds
INFO: [Project 1-479] Netlist was created with Vivado 2023.1
INFO: [Project 1-570] Preparing netlist for logic optimization
INFO: [Timing 38-478] Restoring timing data from binary archive.
INFO: [Timing 38-479] Binary timing data restore complete.
INFO: [Project 1-856] Restoring constraints from binary archive.
INFO: [Project 1-853] Binary constraint restore complete.
Reading XDEF placement.
Reading placer database...
Reading XDEF routing.
Read XDEF Files: Time (s): cpu = 00:00:00 ; elapsed = 00:00:00.266 . Memory (MB): peak = 1559.793 ; gain = 9.414
Restored from archive | CPU: 0.000000 secs | Memory: 0.000000 MB |
Finished XDEF File Restore: Time (s): cpu = 00:00:00 ; elapsed = 00:00:00.266 . Memory (MB): peak = 1559.793 ; gain = 9.414
Netlist sorting complete. Time (s): cpu = 00:00:00 ; elapsed = 00:00:00.001 . Memory (MB): peak = 1559.793 ; gain = 0.000
INFO: [Project 1-111] Unisim Transformation Summary:
  A total of 96 instances were transformed.
  RAM128X1S => RAM128X1S (MUXF7, RAMS64E(x2)): 16 instances
  RAM16X1S => RAM32X1S (RAMS32): 32 instances
  RAM256X1S => RAM256X1S (MUXF7(x2), MUXF8, RAMS64E(x4)): 16 instances
  RAM32X1S => RAM32X1S (RAMS32): 16 instances
  RAM64X1S => RAM64X1S (RAMS64E): 16 instances

INFO: [Project 1-604] Checkpoint was created with Vivado v2023.1 (64-bit) build 3865809
WARNING: [Vivado 12-23575] Critical violations of the methodology design rules detected. Critical violations may contribute to timing failures or cause functional issues in hardware. Run report_methodology for more information.
open_checkpoint: Time (s): cpu = 00:00:27 ; elapsed = 00:00:29 . Memory (MB): peak = 1559.793 ; gain = 1275.852
Command: write_bitstream -force wrapper.bit
Attempting to get a license for feature 'Implementation' and/or device 'xc7a35t'
INFO: [Common 17-349] Got license for feature 'Implementation' and/or device 'xc7a35t'
Running DRC as a precondition to command write_bitstream
INFO: [IP_Flow 19-234] Refreshing IP repositories
INFO: [IP_Flow 19-1704] No user IP repositories specified
INFO: [IP_Flow 19-2313] Loaded Vivado IP repository 'C:/Xilinx/Vivado/2023.1/data/ip'.
INFO: [DRC 23-27] Running DRC with 2 threads
INFO: [Vivado 12-3199] DRC finished with 0 Errors
INFO: [Vivado 12-3200] Please refer to the DRC report (report_drc) for more information.
INFO: [Designutils 20-2272] Running write_bitstream with 2 threads.
Loading data files...
Loading site data...
Loading route data...
Processing options...
Creating bitmap...
Creating bitstream...
Bitstream compression saved 13971360 bits.
Writing bitstream ./wrapper.bit...
INFO: [Vivado 12-1842] Bitgen Completed Successfully.
INFO: [Project 1-1876] WebTalk data collection is mandatory when using a ULT device. To see the specific WebTalk data collected for your design, open the usage_statistics_webtalk.html or usage_statistics_webtalk.xml file in the implementation directory.
INFO: [Common 17-83] Releasing license: Implementation
22 Infos, 1 Warnings, 0 Critical Warnings and 0 Errors encountered.
write_bitstream completed successfully
write_bitstream: Time (s): cpu = 00:00:19 ; elapsed = 00:00:16 . Memory (MB): peak = 2117.883 ; gain = 558.090
INFO: [Common 17-206] Exiting Vivado at Sat Jun  1 13:28:43 2024...

*** Running vivado
    with args -log wrapper.vdi -applog -m64 -product Vivado -messageDb vivado.pb -mode batch -source wrapper.tcl -notrace


ECHO is off.
ECHO is off.

****** Vivado v2023.1 (64-bit)
  **** SW Build 3865809 on Sun May  7 15:05:29 MDT 2023
  **** IP Build 3864474 on Sun May  7 20:36:21 MDT 2023
  **** SharedData Build 3865790 on Sun May 07 13:33:03 MDT 2023
    ** Copyright 1986-2022 Xilinx, Inc. All Rights Reserved.
    ** Copyright 2022-2023 Advanced Micro Devices, Inc. All Rights Reserved.

source wrapper.tcl -notrace
Command: open_checkpoint wrapper_routed.dcp
INFO: [Device 21-403] Loading part xc7a35tcpg236-1
Netlist sorting complete. Time (s): cpu = 00:00:00 ; elapsed = 00:00:00.015 . Memory (MB): peak = 855.340 ; gain = 0.000
INFO: [Netlist 29-17] Analyzing 130 Unisim elements for replacement
INFO: [Netlist 29-28] Unisim Transformation completed in 0 CPU seconds
INFO: [Project 1-479] Netlist was created with Vivado 2023.1
INFO: [Project 1-570] Preparing netlist for logic optimization
INFO: [Timing 38-478] Restoring timing data from binary archive.
INFO: [Timing 38-479] Binary timing data restore complete.
INFO: [Project 1-856] Restoring constraints from binary archive.
INFO: [Project 1-853] Binary constraint restore complete.
Reading XDEF placement.
Reading placer database...
Reading XDEF routing.
Read XDEF Files: Time (s): cpu = 00:00:00 ; elapsed = 00:00:00.258 . Memory (MB): peak = 1558.699 ; gain = 8.336
Restored from archive | CPU: 0.000000 secs | Memory: 0.000000 MB |
Finished XDEF File Restore: Time (s): cpu = 00:00:00 ; elapsed = 00:00:00.258 . Memory (MB): peak = 1558.699 ; gain = 8.336
Netlist sorting complete. Time (s): cpu = 00:00:00 ; elapsed = 00:00:00.001 . Memory (MB): peak = 1558.699 ; gain = 0.000
INFO: [Project 1-111] Unisim Transformation Summary:
  A total of 96 instances were transformed.
  RAM128X1S => RAM128X1S (MUXF7, RAMS64E(x2)): 16 instances
  RAM16X1S => RAM32X1S (RAMS32): 32 instances
  RAM256X1S => RAM256X1S (MUXF7(x2), MUXF8, RAMS64E(x4)): 16 instances
  RAM32X1S => RAM32X1S (RAMS32): 16 instances
  RAM64X1S => RAM64X1S (RAMS64E): 16 instances

INFO: [Project 1-604] Checkpoint was created with Vivado v2023.1 (64-bit) build 3865809
WARNING: [Vivado 12-23575] Critical violations of the methodology design rules detected. Critical violations may contribute to timing failures or cause functional issues in hardware. Run report_methodology for more information.
open_checkpoint: Time (s): cpu = 00:00:25 ; elapsed = 00:00:27 . Memory (MB): peak = 1558.699 ; gain = 1274.617
Command: write_bitstream -force wrapper.bit
Attempting to get a license for feature 'Implementation' and/or device 'xc7a35t'
INFO: [Common 17-349] Got license for feature 'Implementation' and/or device 'xc7a35t'
Running DRC as a precondition to command write_bitstream
INFO: [IP_Flow 19-234] Refreshing IP repositories
INFO: [IP_Flow 19-1704] No user IP repositories specified
INFO: [IP_Flow 19-2313] Loaded Vivado IP repository 'C:/Xilinx/Vivado/2023.1/data/ip'.
INFO: [DRC 23-27] Running DRC with 2 threads
INFO: [Vivado 12-3199] DRC finished with 0 Errors
INFO: [Vivado 12-3200] Please refer to the DRC report (report_drc) for more information.
INFO: [Designutils 20-2272] Running write_bitstream with 2 threads.
Loading data files...
Loading site data...
Loading route data...
Processing options...
Creating bitmap...
Creating bitstream...
Bitstream compression saved 13971360 bits.
Writing bitstream ./wrapper.bit...
INFO: [Vivado 12-1842] Bitgen Completed Successfully.
INFO: [Project 1-1876] WebTalk data collection is mandatory when using a ULT device. To see the specific WebTalk data collected for your design, open the usage_statistics_webtalk.html or usage_statistics_webtalk.xml file in the implementation directory.
INFO: [Common 17-83] Releasing license: Implementation
22 Infos, 1 Warnings, 0 Critical Warnings and 0 Errors encountered.
write_bitstream completed successfully
write_bitstream: Time (s): cpu = 00:00:17 ; elapsed = 00:00:14 . Memory (MB): peak = 2115.234 ; gain = 556.535
INFO: [Common 17-206] Exiting Vivado at Sat Jun  1 13:34:17 2024...

*** Running vivado
    with args -log wrapper.vdi -applog -m64 -product Vivado -messageDb vivado.pb -mode batch -source wrapper.tcl -notrace


ECHO is off.
ECHO is off.

****** Vivado v2023.1 (64-bit)
  **** SW Build 3865809 on Sun May  7 15:05:29 MDT 2023
  **** IP Build 3864474 on Sun May  7 20:36:21 MDT 2023
  **** SharedData Build 3865790 on Sun May 07 13:33:03 MDT 2023
    ** Copyright 1986-2022 Xilinx, Inc. All Rights Reserved.
    ** Copyright 2022-2023 Advanced Micro Devices, Inc. All Rights Reserved.

source wrapper.tcl -notrace
Command: open_checkpoint wrapper_routed.dcp
INFO: [Device 21-403] Loading part xc7a35tcpg236-1
Netlist sorting complete. Time (s): cpu = 00:00:00 ; elapsed = 00:00:00.017 . Memory (MB): peak = 855.355 ; gain = 0.000
INFO: [Netlist 29-17] Analyzing 130 Unisim elements for replacement
INFO: [Netlist 29-28] Unisim Transformation completed in 0 CPU seconds
INFO: [Project 1-479] Netlist was created with Vivado 2023.1
INFO: [Project 1-570] Preparing netlist for logic optimization
INFO: [Timing 38-478] Restoring timing data from binary archive.
INFO: [Timing 38-479] Binary timing data restore complete.
INFO: [Project 1-856] Restoring constraints from binary archive.
INFO: [Project 1-853] Binary constraint restore complete.
Reading XDEF placement.
Reading placer database...
Reading XDEF routing.
Read XDEF Files: Time (s): cpu = 00:00:01 ; elapsed = 00:00:00.216 . Memory (MB): peak = 1559.727 ; gain = 8.590
Restored from archive | CPU: 1.000000 secs | Memory: 0.000000 MB |
Finished XDEF File Restore: Time (s): cpu = 00:00:01 ; elapsed = 00:00:00.216 . Memory (MB): peak = 1559.727 ; gain = 8.590
Netlist sorting complete. Time (s): cpu = 00:00:00 ; elapsed = 00:00:00.001 . Memory (MB): peak = 1559.727 ; gain = 0.000
INFO: [Project 1-111] Unisim Transformation Summary:
  A total of 96 instances were transformed.
  RAM128X1S => RAM128X1S (MUXF7, RAMS64E(x2)): 16 instances
  RAM16X1S => RAM32X1S (RAMS32): 32 instances
  RAM256X1S => RAM256X1S (MUXF7(x2), MUXF8, RAMS64E(x4)): 16 instances
  RAM32X1S => RAM32X1S (RAMS32): 16 instances
  RAM64X1S => RAM64X1S (RAMS64E): 16 instances

INFO: [Project 1-604] Checkpoint was created with Vivado v2023.1 (64-bit) build 3865809
WARNING: [Vivado 12-23575] Critical violations of the methodology design rules detected. Critical violations may contribute to timing failures or cause functional issues in hardware. Run report_methodology for more information.
open_checkpoint: Time (s): cpu = 00:00:25 ; elapsed = 00:00:27 . Memory (MB): peak = 1559.727 ; gain = 1276.879
Command: write_bitstream -force wrapper.bit
Attempting to get a license for feature 'Implementation' and/or device 'xc7a35t'
INFO: [Common 17-349] Got license for feature 'Implementation' and/or device 'xc7a35t'
Running DRC as a precondition to command write_bitstream
INFO: [IP_Flow 19-234] Refreshing IP repositories
INFO: [IP_Flow 19-1704] No user IP repositories specified
INFO: [IP_Flow 19-2313] Loaded Vivado IP repository 'C:/Xilinx/Vivado/2023.1/data/ip'.
INFO: [DRC 23-27] Running DRC with 8 threads
INFO: [Vivado 12-3199] DRC finished with 0 Errors
INFO: [Vivado 12-3200] Please refer to the DRC report (report_drc) for more information.
INFO: [Designutils 20-2272] Running write_bitstream with 8 threads.
Loading data files...
Loading site data...
Loading route data...
Processing options...
Creating bitmap...
Creating bitstream...
Bitstream compression saved 13971360 bits.
Writing bitstream ./wrapper.bit...
INFO: [Vivado 12-1842] Bitgen Completed Successfully.
INFO: [Project 1-1876] WebTalk data collection is mandatory when using a ULT device. To see the specific WebTalk data collected for your design, open the usage_statistics_webtalk.html or usage_statistics_webtalk.xml file in the implementation directory.
INFO: [Common 17-83] Releasing license: Implementation
22 Infos, 1 Warnings, 0 Critical Warnings and 0 Errors encountered.
write_bitstream completed successfully
write_bitstream: Time (s): cpu = 00:00:22 ; elapsed = 00:00:14 . Memory (MB): peak = 2112.324 ; gain = 552.598
INFO: [Common 17-206] Exiting Vivado at Mon Jun  3 18:37:47 2024...

*** Running vivado
    with args -log wrapper.vdi -applog -m64 -product Vivado -messageDb vivado.pb -mode batch -source wrapper.tcl -notrace


ECHO is off.
ECHO is off.

****** Vivado v2023.1 (64-bit)
  **** SW Build 3865809 on Sun May  7 15:05:29 MDT 2023
  **** IP Build 3864474 on Sun May  7 20:36:21 MDT 2023
  **** SharedData Build 3865790 on Sun May 07 13:33:03 MDT 2023
    ** Copyright 1986-2022 Xilinx, Inc. All Rights Reserved.
    ** Copyright 2022-2023 Advanced Micro Devices, Inc. All Rights Reserved.

source wrapper.tcl -notrace
Command: open_checkpoint wrapper_routed.dcp
INFO: [Device 21-403] Loading part xc7a35tcpg236-1
Netlist sorting complete. Time (s): cpu = 00:00:00 ; elapsed = 00:00:00.015 . Memory (MB): peak = 854.246 ; gain = 0.000
INFO: [Netlist 29-17] Analyzing 130 Unisim elements for replacement
INFO: [Netlist 29-28] Unisim Transformation completed in 0 CPU seconds
INFO: [Project 1-479] Netlist was created with Vivado 2023.1
INFO: [Project 1-570] Preparing netlist for logic optimization
INFO: [Timing 38-478] Restoring timing data from binary archive.
INFO: [Timing 38-479] Binary timing data restore complete.
INFO: [Project 1-856] Restoring constraints from binary archive.
INFO: [Project 1-853] Binary constraint restore complete.
Reading XDEF placement.
Reading placer database...
Reading XDEF routing.
Read XDEF Files: Time (s): cpu = 00:00:01 ; elapsed = 00:00:00.231 . Memory (MB): peak = 1558.277 ; gain = 8.363
Restored from archive | CPU: 1.000000 secs | Memory: 0.000000 MB |
Finished XDEF File Restore: Time (s): cpu = 00:00:01 ; elapsed = 00:00:00.231 . Memory (MB): peak = 1558.277 ; gain = 8.363
Netlist sorting complete. Time (s): cpu = 00:00:00 ; elapsed = 00:00:00.001 . Memory (MB): peak = 1558.277 ; gain = 0.000
INFO: [Project 1-111] Unisim Transformation Summary:
  A total of 96 instances were transformed.
  RAM128X1S => RAM128X1S (MUXF7, RAMS64E(x2)): 16 instances
  RAM16X1S => RAM32X1S (RAMS32): 32 instances
  RAM256X1S => RAM256X1S (MUXF7(x2), MUXF8, RAMS64E(x4)): 16 instances
  RAM32X1S => RAM32X1S (RAMS32): 16 instances
  RAM64X1S => RAM64X1S (RAMS64E): 16 instances

INFO: [Project 1-604] Checkpoint was created with Vivado v2023.1 (64-bit) build 3865809
WARNING: [Vivado 12-23575] Critical violations of the methodology design rules detected. Critical violations may contribute to timing failures or cause functional issues in hardware. Run report_methodology for more information.
open_checkpoint: Time (s): cpu = 00:00:25 ; elapsed = 00:00:26 . Memory (MB): peak = 1558.277 ; gain = 1274.676
Command: write_bitstream -force wrapper.bit
Attempting to get a license for feature 'Implementation' and/or device 'xc7a35t'
INFO: [Common 17-349] Got license for feature 'Implementation' and/or device 'xc7a35t'
Running DRC as a precondition to command write_bitstream
INFO: [IP_Flow 19-234] Refreshing IP repositories
INFO: [IP_Flow 19-1704] No user IP repositories specified
INFO: [IP_Flow 19-2313] Loaded Vivado IP repository 'C:/Xilinx/Vivado/2023.1/data/ip'.
INFO: [DRC 23-27] Running DRC with 8 threads
INFO: [Vivado 12-3199] DRC finished with 0 Errors
INFO: [Vivado 12-3200] Please refer to the DRC report (report_drc) for more information.
INFO: [Designutils 20-2272] Running write_bitstream with 8 threads.
Loading data files...
Loading site data...
Loading route data...
Processing options...
Creating bitmap...
Creating bitstream...
Bitstream compression saved 13971360 bits.
Writing bitstream ./wrapper.bit...
INFO: [Vivado 12-1842] Bitgen Completed Successfully.
INFO: [Project 1-1876] WebTalk data collection is mandatory when using a ULT device. To see the specific WebTalk data collected for your design, open the usage_statistics_webtalk.html or usage_statistics_webtalk.xml file in the implementation directory.
INFO: [Common 17-83] Releasing license: Implementation
22 Infos, 1 Warnings, 0 Critical Warnings and 0 Errors encountered.
write_bitstream completed successfully
write_bitstream: Time (s): cpu = 00:00:22 ; elapsed = 00:00:14 . Memory (MB): peak = 2116.523 ; gain = 558.246
INFO: [Common 17-206] Exiting Vivado at Mon Jun  3 23:35:49 2024...
